09-10-21 11:29:08,INFO,The Home Method Call The index.html Page
09-10-21 11:29:56,INFO,Checking The Method Is Post Or Not
09-10-21 11:29:56,INFO,The Post Method Is Call & Calling The Each Feature
09-10-21 11:30:07,INFO,The Home Method Call The index.html Page
22-08-22 04:03:09,INFO,The Home Method Call The index.html Page
22-08-22 04:07:17,INFO,Checking The Method Is Post Or Not
22-08-22 04:07:17,INFO,The Post Method Is Call & Calling The Each Feature
22-08-22 04:08:26,INFO,Checking The Method Is Post Or Not
22-08-22 04:08:26,INFO,The Post Method Is Call & Calling The Each Feature
22-08-22 04:08:38,INFO,Checking The Method Is Post Or Not
22-08-22 04:08:38,INFO,The Post Method Is Call & Calling The Each Feature
22-08-22 14:05:00,INFO,The Home Method Call The index.html Page
22-08-22 14:14:11,INFO,Checking The Method Is Post Or Not
22-08-22 14:14:11,INFO,The Post Method Is Call & Calling The Each Feature
22-08-22 14:53:15,INFO,The Home Method Call The index.html Page
22-08-22 14:54:05,INFO,Checking The Method Is Post Or Not
22-08-22 14:54:05,INFO,The Post Method Is Call & Calling The Each Feature
22-08-22 14:54:05,INFO,Something Went Wrong With The Post From Predict Method
22-08-22 14:54:05,INFO,Something Went Wrong With The Home Method
22-08-22 14:57:16,INFO,The Home Method Call The index.html Page
22-08-22 14:57:49,INFO,Checking The Method Is Post Or Not
22-08-22 14:57:49,INFO,The Post Method Is Call & Calling The Each Feature
22-08-22 16:08:10,INFO,The Home Method Call The index.html Page
22-08-22 16:08:48,INFO,Checking The Method Is Post Or Not
22-08-22 16:08:48,INFO,The Post Method Is Call & Calling The Each Feature
22-08-22 16:11:54,INFO,The Home Method Call The index.html Page
22-08-22 16:12:30,INFO,Checking The Method Is Post Or Not
22-08-22 16:12:30,INFO,The Post Method Is Call & Calling The Each Feature
22-08-22 17:51:29,INFO,The Home Method Call The index.html Page
22-08-22 17:51:29,INFO,The Home Method Call The index.html Page
22-08-22 17:52:07,INFO,Checking The Method Is Post Or Not
22-08-22 17:52:07,INFO,The Post Method Is Call & Calling The Each Feature
23-08-22 12:25:15,INFO,The Home Method Call The index.html Page
23-08-22 12:25:55,INFO,Checking The Method Is Post Or Not
23-08-22 12:25:55,INFO,The Post Method Is Call & Calling The Each Feature
